<?xml version="1.0" encoding="UTF-8"?>
<!-- Generated by org.testng.reporters.JUnitReportReporter -->
<testsuite hostname="macbook-pro.lan" name="testing.Rest1Test" tests="1" failures="0" timestamp="28 Nov 2018 20:42:12 GMT" time="0.013" errors="0">
  <testcase name="testApp" time="0.013" classname="testing.Rest1Test"/>
</testsuite> <!-- testing.Rest1Test -->
