<?xml version="1.0" encoding="UTF-8"?>
<!-- Generated by org.testng.reporters.JUnitReportReporter -->
<testsuite hostname="macbook-pro.lan" name="LandlordAPI.LandlordTest" tests="2" failures="0" timestamp="29 Nov 2018 18:31:02 GMT" time="2.444" errors="0">
  <testcase name="Question3_putLandlord" time="2.387" classname="LandlordAPI.LandlordTest"/>
  <testcase name="Question5_getLandlordFromQuestion3" time="0.057" classname="LandlordAPI.LandlordTest"/>
</testsuite> <!-- LandlordAPI.LandlordTest -->
