<?xml version="1.0" encoding="UTF-8"?>
<!-- Generated by org.testng.reporters.JUnitReportReporter -->
<testsuite hostname="macbook-pro.lan" name="LandlordAPI.LandlordTest" tests="1" failures="0" timestamp="29 Nov 2018 20:22:17 GMT" time="2.450" errors="0">
  <testcase name="Question3_putLandlord" time="2.450" classname="LandlordAPI.LandlordTest"/>
</testsuite> <!-- LandlordAPI.LandlordTest -->
